<?xml version="1.0" encoding="UTF-8"?>
<testsuites>
    <testsuite name="gist-create-edit-delete;create-public-gist" tests="10" failures="0" skipped="0">
        <properties>
            <property name="URI" value="/home/syahrul/Desktop/R&amp;D/shopee/Gist-Automation/features/gist.feature">
            </property>
        </properties>
        <testcase name="Given Go to gist websites" classname="gist-create-edit-delete;create-public-gist" time="4.632850561">
        </testcase>
        <testcase name="And User input" classname="gist-create-edit-delete;create-public-gist" time="0.002389534">
        </testcase>
        <testcase name="And User at gist page" classname="gist-create-edit-delete;create-public-gist" time="0.000336789">
        </testcase>
        <testcase name="And Fill" classname="gist-create-edit-delete;create-public-gist" time="0.001056779">
        </testcase>
        <testcase name="Then User Click Create Public gist button" classname="gist-create-edit-delete;create-public-gist" time="0.000227623">
        </testcase>
        <testcase name="And User Click Edit button" classname="gist-create-edit-delete;create-public-gist" time="0.000577333">
        </testcase>
        <testcase name="And Fill Edit" classname="gist-create-edit-delete;create-public-gist" time="0.00118926">
        </testcase>
        <testcase name="And User Click Delete button" classname="gist-create-edit-delete;create-public-gist" time="0.000305599">
        </testcase>
        <testcase name="And User confirm delete" classname="gist-create-edit-delete;create-public-gist" time="0.000828371">
        </testcase>
        <testcase name="Then User see all gist" classname="gist-create-edit-delete;create-public-gist" time="0.000380468">
        </testcase>
    </testsuite>
</testsuites>